{
  "uid" : "1bab26987244f29c",
  "name" : "inPage()",
  "fullName" : "com.aut.demo.tigoBrowser.specs.CU_001_Login_Page.inPage",
  "historyId" : "e219d05d10af23d7a3e1bffea7352e54",
  "time" : {
    "start" : 1563494216593,
    "stop" : 1563494217834,
    "duration" : 1241
  },
  "description" : "Just enter the app",
  "descriptionHtml" : "<p>Just enter the app</p>\n",
  "status" : "broken",
  "statusMessage" : "'chromedriverArgs' must be of type object\nBuild info: version: '4.0.0-alpha-1', revision: 'd1d3728cae', time: '2019-04-24T13:42:21'\nSystem info: host: 'DESKTOP-K4LOO3N', ip: '192.168.81.1', os.name: 'Windows 10', os.arch: 'amd64', os.version: '10.0', java.version: '1.8.0_211'\nDriver info: driver.version: RemoteWebDriver\nremote stacktrace: InvalidArgumentError: 'chromedriverArgs' must be of type object\n    at validateCaps (C:\\Program Files\\Appium\\resources\\app\\node_modules\\appium\\node_modules\\appium-base-driver\\lib\\basedriver\\capabilities.js:52:11)\n    at validateCaps (C:\\Program Files\\Appium\\resources\\app\\node_modules\\appium\\node_modules\\appium-base-driver\\lib\\basedriver\\capabilities.js:154:20)\n    at parseCaps (C:\\Program Files\\Appium\\resources\\app\\node_modules\\appium\\node_modules\\appium-base-driver\\lib\\basedriver\\capabilities.js:199:43)\n    at AndroidUiautomator2Driver.createSession (C:\\Program Files\\Appium\\resources\\app\\node_modules\\appium\\node_modules\\appium-base-driver\\lib\\basedriver\\commands\\session.js:37:14)\n    at AndroidUiautomator2Driver.createSession (C:\\Program Files\\Appium\\resources\\app\\node_modules\\appium\\node_modules\\appium-uiautomator2-driver\\lib\\driver.js:150:43)\n    at AppiumDriver.createSession (C:\\Program Files\\Appium\\resources\\app\\node_modules\\appium\\lib\\appium.js:362:43)\n    at process._tickCallback (internal/process/next_tick.js:68:7)",
  "statusTrace" : "org.openqa.selenium.InvalidArgumentException: 'chromedriverArgs' must be of type object\nBuild info: version: '4.0.0-alpha-1', revision: 'd1d3728cae', time: '2019-04-24T13:42:21'\nSystem info: host: 'DESKTOP-K4LOO3N', ip: '192.168.81.1', os.name: 'Windows 10', os.arch: 'amd64', os.version: '10.0', java.version: '1.8.0_211'\nDriver info: driver.version: RemoteWebDriver\nremote stacktrace: InvalidArgumentError: 'chromedriverArgs' must be of type object\n    at validateCaps (C:\\Program Files\\Appium\\resources\\app\\node_modules\\appium\\node_modules\\appium-base-driver\\lib\\basedriver\\capabilities.js:52:11)\n    at validateCaps (C:\\Program Files\\Appium\\resources\\app\\node_modules\\appium\\node_modules\\appium-base-driver\\lib\\basedriver\\capabilities.js:154:20)\n    at parseCaps (C:\\Program Files\\Appium\\resources\\app\\node_modules\\appium\\node_modules\\appium-base-driver\\lib\\basedriver\\capabilities.js:199:43)\n    at AndroidUiautomator2Driver.createSession (C:\\Program Files\\Appium\\resources\\app\\node_modules\\appium\\node_modules\\appium-base-driver\\lib\\basedriver\\commands\\session.js:37:14)\n    at AndroidUiautomator2Driver.createSession (C:\\Program Files\\Appium\\resources\\app\\node_modules\\appium\\node_modules\\appium-uiautomator2-driver\\lib\\driver.js:150:43)\n    at AppiumDriver.createSession (C:\\Program Files\\Appium\\resources\\app\\node_modules\\appium\\lib\\appium.js:362:43)\n    at process._tickCallback (internal/process/next_tick.js:68:7)\r\n\tat sun.reflect.NativeConstructorAccessorImpl.newInstance0(Native Method)\r\n\tat sun.reflect.NativeConstructorAccessorImpl.newInstance(NativeConstructorAccessorImpl.java:62)\r\n\tat sun.reflect.DelegatingConstructorAccessorImpl.newInstance(DelegatingConstructorAccessorImpl.java:45)\r\n\tat java.lang.reflect.Constructor.newInstance(Constructor.java:423)\r\n\tat org.openqa.selenium.remote.W3CHandshakeResponse.lambda$errorHandler$0(W3CHandshakeResponse.java:62)\r\n\tat org.openqa.selenium.remote.HandshakeResponse.lambda$getResponseFunction$0(HandshakeResponse.java:30)\r\n\tat org.openqa.selenium.remote.ProtocolHandshake.lambda$createSession$0(ProtocolHandshake.java:126)\r\n\tat java.util.stream.ReferencePipeline$3$1.accept(ReferencePipeline.java:193)\r\n\tat java.util.Spliterators$ArraySpliterator.tryAdvance(Spliterators.java:958)\r\n\tat java.util.stream.ReferencePipeline.forEachWithCancel(ReferencePipeline.java:126)\r\n\tat java.util.stream.AbstractPipeline.copyIntoWithCancel(AbstractPipeline.java:498)\r\n\tat java.util.stream.AbstractPipeline.copyInto(AbstractPipeline.java:485)\r\n\tat java.util.stream.AbstractPipeline.wrapAndCopyInto(AbstractPipeline.java:471)\r\n\tat java.util.stream.FindOps$FindOp.evaluateSequential(FindOps.java:152)\r\n\tat java.util.stream.AbstractPipeline.evaluate(AbstractPipeline.java:234)\r\n\tat java.util.stream.ReferencePipeline.findFirst(ReferencePipeline.java:464)\r\n\tat org.openqa.selenium.remote.ProtocolHandshake.createSession(ProtocolHandshake.java:128)\r\n\tat org.openqa.selenium.remote.ProtocolHandshake.createSession(ProtocolHandshake.java:74)\r\n\tat org.openqa.selenium.remote.HttpCommandExecutor.execute(HttpCommandExecutor.java:139)\r\n\tat org.openqa.selenium.remote.RemoteWebDriver.execute(RemoteWebDriver.java:577)\r\n\tat org.openqa.selenium.remote.RemoteWebDriver.startSession(RemoteWebDriver.java:211)\r\n\tat org.openqa.selenium.remote.RemoteWebDriver.<init>(RemoteWebDriver.java:131)\r\n\tat org.openqa.selenium.remote.RemoteWebDriver.<init>(RemoteWebDriver.java:144)\r\n\tat com.aut.demo.util.DriverFactory.setUpTigoBrowser(DriverFactory.java:105)\r\n\tat com.aut.demo.tigoBrowser.steps.HomeSteps.start(HomeSteps.java:19)\r\n\tat com.aut.demo.tigoBrowser.specs.CU_001_Login_Page.inPage(CU_001_Login_Page.java:16)\r\n\tat sun.reflect.NativeMethodAccessorImpl.invoke0(Native Method)\r\n\tat sun.reflect.NativeMethodAccessorImpl.invoke(NativeMethodAccessorImpl.java:62)\r\n\tat sun.reflect.DelegatingMethodAccessorImpl.invoke(DelegatingMethodAccessorImpl.java:43)\r\n\tat java.lang.reflect.Method.invoke(Method.java:498)\r\n\tat org.junit.platform.commons.util.ReflectionUtils.invokeMethod(ReflectionUtils.java:515)\r\n\tat org.junit.jupiter.engine.execution.ExecutableInvoker.invoke(ExecutableInvoker.java:115)\r\n\tat org.junit.jupiter.engine.descriptor.TestMethodTestDescriptor.lambda$invokeTestMethod$6(TestMethodTestDescriptor.java:171)\r\n\tat org.junit.platform.engine.support.hierarchical.ThrowableCollector.execute(ThrowableCollector.java:72)\r\n\tat org.junit.jupiter.engine.descriptor.TestMethodTestDescriptor.invokeTestMethod(TestMethodTestDescriptor.java:167)\r\n\tat org.junit.jupiter.engine.descriptor.TestMethodTestDescriptor.execute(TestMethodTestDescriptor.java:114)\r\n\tat org.junit.jupiter.engine.descriptor.TestMethodTestDescriptor.execute(TestMethodTestDescriptor.java:59)\r\n\tat org.junit.platform.engine.support.hierarchical.NodeTestTask.lambda$executeRecursively$5(NodeTestTask.java:105)\r\n\tat org.junit.platform.engine.support.hierarchical.ThrowableCollector.execute(ThrowableCollector.java:72)\r\n\tat org.junit.platform.engine.support.hierarchical.NodeTestTask.executeRecursively(NodeTestTask.java:95)\r\n\tat org.junit.platform.engine.support.hierarchical.NodeTestTask.execute(NodeTestTask.java:71)\r\n\tat java.util.ArrayList.forEach(ArrayList.java:1257)\r\n\tat org.junit.platform.engine.support.hierarchical.SameThreadHierarchicalTestExecutorService.invokeAll(SameThreadHierarchicalTestExecutorService.java:38)\r\n\tat org.junit.platform.engine.support.hierarchical.NodeTestTask.lambda$executeRecursively$5(NodeTestTask.java:110)\r\n\tat org.junit.platform.engine.support.hierarchical.ThrowableCollector.execute(ThrowableCollector.java:72)\r\n\tat org.junit.platform.engine.support.hierarchical.NodeTestTask.executeRecursively(NodeTestTask.java:95)\r\n\tat org.junit.platform.engine.support.hierarchical.NodeTestTask.execute(NodeTestTask.java:71)\r\n\tat java.util.ArrayList.forEach(ArrayList.java:1257)\r\n\tat org.junit.platform.engine.support.hierarchical.SameThreadHierarchicalTestExecutorService.invokeAll(SameThreadHierarchicalTestExecutorService.java:38)\r\n\tat org.junit.platform.engine.support.hierarchical.NodeTestTask.lambda$executeRecursively$5(NodeTestTask.java:110)\r\n\tat org.junit.platform.engine.support.hierarchical.ThrowableCollector.execute(ThrowableCollector.java:72)\r\n\tat org.junit.platform.engine.support.hierarchical.NodeTestTask.executeRecursively(NodeTestTask.java:95)\r\n\tat org.junit.platform.engine.support.hierarchical.NodeTestTask.execute(NodeTestTask.java:71)\r\n\tat org.junit.platform.engine.support.hierarchical.SameThreadHierarchicalTestExecutorService.submit(SameThreadHierarchicalTestExecutorService.java:32)\r\n\tat org.junit.platform.engine.support.hierarchical.HierarchicalTestExecutor.execute(HierarchicalTestExecutor.java:57)\r\n\tat org.junit.platform.engine.support.hierarchical.HierarchicalTestEngine.execute(HierarchicalTestEngine.java:51)\r\n\tat org.junit.platform.launcher.core.DefaultLauncher.execute(DefaultLauncher.java:229)\r\n\tat org.junit.platform.launcher.core.DefaultLauncher.lambda$execute$6(DefaultLauncher.java:197)\r\n\tat org.junit.platform.launcher.core.DefaultLauncher.withInterceptedStreams(DefaultLauncher.java:211)\r\n\tat org.junit.platform.launcher.core.DefaultLauncher.execute(DefaultLauncher.java:191)\r\n\tat org.junit.platform.launcher.core.DefaultLauncher.execute(DefaultLauncher.java:128)\r\n\tat org.apache.maven.surefire.junitplatform.JUnitPlatformProvider.invokeAllTests(JUnitPlatformProvider.java:142)\r\n\tat org.apache.maven.surefire.junitplatform.JUnitPlatformProvider.invoke(JUnitPlatformProvider.java:117)\r\n\tat org.apache.maven.surefire.booter.ForkedBooter.invokeProviderInSameClassLoader(ForkedBooter.java:384)\r\n\tat org.apache.maven.surefire.booter.ForkedBooter.runSuitesInProcess(ForkedBooter.java:345)\r\n\tat org.apache.maven.surefire.booter.ForkedBooter.execute(ForkedBooter.java:126)\r\n\tat org.apache.maven.surefire.booter.ForkedBooter.main(ForkedBooter.java:418)\r\n",
  "flaky" : false,
  "newFailed" : false,
  "beforeStages" : [ ],
  "testStage" : {
    "description" : "Just enter the app",
    "status" : "broken",
    "statusMessage" : "'chromedriverArgs' must be of type object\nBuild info: version: '4.0.0-alpha-1', revision: 'd1d3728cae', time: '2019-04-24T13:42:21'\nSystem info: host: 'DESKTOP-K4LOO3N', ip: '192.168.81.1', os.name: 'Windows 10', os.arch: 'amd64', os.version: '10.0', java.version: '1.8.0_211'\nDriver info: driver.version: RemoteWebDriver\nremote stacktrace: InvalidArgumentError: 'chromedriverArgs' must be of type object\n    at validateCaps (C:\\Program Files\\Appium\\resources\\app\\node_modules\\appium\\node_modules\\appium-base-driver\\lib\\basedriver\\capabilities.js:52:11)\n    at validateCaps (C:\\Program Files\\Appium\\resources\\app\\node_modules\\appium\\node_modules\\appium-base-driver\\lib\\basedriver\\capabilities.js:154:20)\n    at parseCaps (C:\\Program Files\\Appium\\resources\\app\\node_modules\\appium\\node_modules\\appium-base-driver\\lib\\basedriver\\capabilities.js:199:43)\n    at AndroidUiautomator2Driver.createSession (C:\\Program Files\\Appium\\resources\\app\\node_modules\\appium\\node_modules\\appium-base-driver\\lib\\basedriver\\commands\\session.js:37:14)\n    at AndroidUiautomator2Driver.createSession (C:\\Program Files\\Appium\\resources\\app\\node_modules\\appium\\node_modules\\appium-uiautomator2-driver\\lib\\driver.js:150:43)\n    at AppiumDriver.createSession (C:\\Program Files\\Appium\\resources\\app\\node_modules\\appium\\lib\\appium.js:362:43)\n    at process._tickCallback (internal/process/next_tick.js:68:7)",
    "statusTrace" : "org.openqa.selenium.InvalidArgumentException: 'chromedriverArgs' must be of type object\nBuild info: version: '4.0.0-alpha-1', revision: 'd1d3728cae', time: '2019-04-24T13:42:21'\nSystem info: host: 'DESKTOP-K4LOO3N', ip: '192.168.81.1', os.name: 'Windows 10', os.arch: 'amd64', os.version: '10.0', java.version: '1.8.0_211'\nDriver info: driver.version: RemoteWebDriver\nremote stacktrace: InvalidArgumentError: 'chromedriverArgs' must be of type object\n    at validateCaps (C:\\Program Files\\Appium\\resources\\app\\node_modules\\appium\\node_modules\\appium-base-driver\\lib\\basedriver\\capabilities.js:52:11)\n    at validateCaps (C:\\Program Files\\Appium\\resources\\app\\node_modules\\appium\\node_modules\\appium-base-driver\\lib\\basedriver\\capabilities.js:154:20)\n    at parseCaps (C:\\Program Files\\Appium\\resources\\app\\node_modules\\appium\\node_modules\\appium-base-driver\\lib\\basedriver\\capabilities.js:199:43)\n    at AndroidUiautomator2Driver.createSession (C:\\Program Files\\Appium\\resources\\app\\node_modules\\appium\\node_modules\\appium-base-driver\\lib\\basedriver\\commands\\session.js:37:14)\n    at AndroidUiautomator2Driver.createSession (C:\\Program Files\\Appium\\resources\\app\\node_modules\\appium\\node_modules\\appium-uiautomator2-driver\\lib\\driver.js:150:43)\n    at AppiumDriver.createSession (C:\\Program Files\\Appium\\resources\\app\\node_modules\\appium\\lib\\appium.js:362:43)\n    at process._tickCallback (internal/process/next_tick.js:68:7)\r\n\tat sun.reflect.NativeConstructorAccessorImpl.newInstance0(Native Method)\r\n\tat sun.reflect.NativeConstructorAccessorImpl.newInstance(NativeConstructorAccessorImpl.java:62)\r\n\tat sun.reflect.DelegatingConstructorAccessorImpl.newInstance(DelegatingConstructorAccessorImpl.java:45)\r\n\tat java.lang.reflect.Constructor.newInstance(Constructor.java:423)\r\n\tat org.openqa.selenium.remote.W3CHandshakeResponse.lambda$errorHandler$0(W3CHandshakeResponse.java:62)\r\n\tat org.openqa.selenium.remote.HandshakeResponse.lambda$getResponseFunction$0(HandshakeResponse.java:30)\r\n\tat org.openqa.selenium.remote.ProtocolHandshake.lambda$createSession$0(ProtocolHandshake.java:126)\r\n\tat java.util.stream.ReferencePipeline$3$1.accept(ReferencePipeline.java:193)\r\n\tat java.util.Spliterators$ArraySpliterator.tryAdvance(Spliterators.java:958)\r\n\tat java.util.stream.ReferencePipeline.forEachWithCancel(ReferencePipeline.java:126)\r\n\tat java.util.stream.AbstractPipeline.copyIntoWithCancel(AbstractPipeline.java:498)\r\n\tat java.util.stream.AbstractPipeline.copyInto(AbstractPipeline.java:485)\r\n\tat java.util.stream.AbstractPipeline.wrapAndCopyInto(AbstractPipeline.java:471)\r\n\tat java.util.stream.FindOps$FindOp.evaluateSequential(FindOps.java:152)\r\n\tat java.util.stream.AbstractPipeline.evaluate(AbstractPipeline.java:234)\r\n\tat java.util.stream.ReferencePipeline.findFirst(ReferencePipeline.java:464)\r\n\tat org.openqa.selenium.remote.ProtocolHandshake.createSession(ProtocolHandshake.java:128)\r\n\tat org.openqa.selenium.remote.ProtocolHandshake.createSession(ProtocolHandshake.java:74)\r\n\tat org.openqa.selenium.remote.HttpCommandExecutor.execute(HttpCommandExecutor.java:139)\r\n\tat org.openqa.selenium.remote.RemoteWebDriver.execute(RemoteWebDriver.java:577)\r\n\tat org.openqa.selenium.remote.RemoteWebDriver.startSession(RemoteWebDriver.java:211)\r\n\tat org.openqa.selenium.remote.RemoteWebDriver.<init>(RemoteWebDriver.java:131)\r\n\tat org.openqa.selenium.remote.RemoteWebDriver.<init>(RemoteWebDriver.java:144)\r\n\tat com.aut.demo.util.DriverFactory.setUpTigoBrowser(DriverFactory.java:105)\r\n\tat com.aut.demo.tigoBrowser.steps.HomeSteps.start(HomeSteps.java:19)\r\n\tat com.aut.demo.tigoBrowser.specs.CU_001_Login_Page.inPage(CU_001_Login_Page.java:16)\r\n\tat sun.reflect.NativeMethodAccessorImpl.invoke0(Native Method)\r\n\tat sun.reflect.NativeMethodAccessorImpl.invoke(NativeMethodAccessorImpl.java:62)\r\n\tat sun.reflect.DelegatingMethodAccessorImpl.invoke(DelegatingMethodAccessorImpl.java:43)\r\n\tat java.lang.reflect.Method.invoke(Method.java:498)\r\n\tat org.junit.platform.commons.util.ReflectionUtils.invokeMethod(ReflectionUtils.java:515)\r\n\tat org.junit.jupiter.engine.execution.ExecutableInvoker.invoke(ExecutableInvoker.java:115)\r\n\tat org.junit.jupiter.engine.descriptor.TestMethodTestDescriptor.lambda$invokeTestMethod$6(TestMethodTestDescriptor.java:171)\r\n\tat org.junit.platform.engine.support.hierarchical.ThrowableCollector.execute(ThrowableCollector.java:72)\r\n\tat org.junit.jupiter.engine.descriptor.TestMethodTestDescriptor.invokeTestMethod(TestMethodTestDescriptor.java:167)\r\n\tat org.junit.jupiter.engine.descriptor.TestMethodTestDescriptor.execute(TestMethodTestDescriptor.java:114)\r\n\tat org.junit.jupiter.engine.descriptor.TestMethodTestDescriptor.execute(TestMethodTestDescriptor.java:59)\r\n\tat org.junit.platform.engine.support.hierarchical.NodeTestTask.lambda$executeRecursively$5(NodeTestTask.java:105)\r\n\tat org.junit.platform.engine.support.hierarchical.ThrowableCollector.execute(ThrowableCollector.java:72)\r\n\tat org.junit.platform.engine.support.hierarchical.NodeTestTask.executeRecursively(NodeTestTask.java:95)\r\n\tat org.junit.platform.engine.support.hierarchical.NodeTestTask.execute(NodeTestTask.java:71)\r\n\tat java.util.ArrayList.forEach(ArrayList.java:1257)\r\n\tat org.junit.platform.engine.support.hierarchical.SameThreadHierarchicalTestExecutorService.invokeAll(SameThreadHierarchicalTestExecutorService.java:38)\r\n\tat org.junit.platform.engine.support.hierarchical.NodeTestTask.lambda$executeRecursively$5(NodeTestTask.java:110)\r\n\tat org.junit.platform.engine.support.hierarchical.ThrowableCollector.execute(ThrowableCollector.java:72)\r\n\tat org.junit.platform.engine.support.hierarchical.NodeTestTask.executeRecursively(NodeTestTask.java:95)\r\n\tat org.junit.platform.engine.support.hierarchical.NodeTestTask.execute(NodeTestTask.java:71)\r\n\tat java.util.ArrayList.forEach(ArrayList.java:1257)\r\n\tat org.junit.platform.engine.support.hierarchical.SameThreadHierarchicalTestExecutorService.invokeAll(SameThreadHierarchicalTestExecutorService.java:38)\r\n\tat org.junit.platform.engine.support.hierarchical.NodeTestTask.lambda$executeRecursively$5(NodeTestTask.java:110)\r\n\tat org.junit.platform.engine.support.hierarchical.ThrowableCollector.execute(ThrowableCollector.java:72)\r\n\tat org.junit.platform.engine.support.hierarchical.NodeTestTask.executeRecursively(NodeTestTask.java:95)\r\n\tat org.junit.platform.engine.support.hierarchical.NodeTestTask.execute(NodeTestTask.java:71)\r\n\tat org.junit.platform.engine.support.hierarchical.SameThreadHierarchicalTestExecutorService.submit(SameThreadHierarchicalTestExecutorService.java:32)\r\n\tat org.junit.platform.engine.support.hierarchical.HierarchicalTestExecutor.execute(HierarchicalTestExecutor.java:57)\r\n\tat org.junit.platform.engine.support.hierarchical.HierarchicalTestEngine.execute(HierarchicalTestEngine.java:51)\r\n\tat org.junit.platform.launcher.core.DefaultLauncher.execute(DefaultLauncher.java:229)\r\n\tat org.junit.platform.launcher.core.DefaultLauncher.lambda$execute$6(DefaultLauncher.java:197)\r\n\tat org.junit.platform.launcher.core.DefaultLauncher.withInterceptedStreams(DefaultLauncher.java:211)\r\n\tat org.junit.platform.launcher.core.DefaultLauncher.execute(DefaultLauncher.java:191)\r\n\tat org.junit.platform.launcher.core.DefaultLauncher.execute(DefaultLauncher.java:128)\r\n\tat org.apache.maven.surefire.junitplatform.JUnitPlatformProvider.invokeAllTests(JUnitPlatformProvider.java:142)\r\n\tat org.apache.maven.surefire.junitplatform.JUnitPlatformProvider.invoke(JUnitPlatformProvider.java:117)\r\n\tat org.apache.maven.surefire.booter.ForkedBooter.invokeProviderInSameClassLoader(ForkedBooter.java:384)\r\n\tat org.apache.maven.surefire.booter.ForkedBooter.runSuitesInProcess(ForkedBooter.java:345)\r\n\tat org.apache.maven.surefire.booter.ForkedBooter.execute(ForkedBooter.java:126)\r\n\tat org.apache.maven.surefire.booter.ForkedBooter.main(ForkedBooter.java:418)\r\n",
    "steps" : [ {
      "name" : "Login to Tigo Web",
      "time" : {
        "start" : 1563494216666,
        "stop" : 1563494217823,
        "duration" : 1157
      },
      "status" : "broken",
      "statusMessage" : "'chromedriverArgs' must be of type object\nBuild info: version: '4.0.0-alpha-1', revision: 'd1d3728cae', time: '2019-04-24T13:42:21'\nSystem info: host: 'DESKTOP-K4LOO3N', ip: '192.168.81.1', os.name: 'Windows 10', os.arch: 'amd64', os.version: '10.0', java.version: '1.8.0_211'\nDriver info: driver.version: RemoteWebDriver\nremote stacktrace: InvalidArgumentError: 'chromedriverArgs' must be of type object\n    at validateCaps (C:\\Program Files\\Appium\\resources\\app\\node_modules\\appium\\node_modules\\appium-base-driver\\lib\\basedriver\\capabilities.js:52:11)\n    at validateCaps (C:\\Program Files\\Appium\\resources\\app\\node_modules\\appium\\node_modules\\appium-base-driver\\lib\\basedriver\\capabilities.js:154:20)\n    at parseCaps (C:\\Program Files\\Appium\\resources\\app\\node_modules\\appium\\node_modules\\appium-base-driver\\lib\\basedriver\\capabilities.js:199:43)\n    at AndroidUiautomator2Driver.createSession (C:\\Program Files\\Appium\\resources\\app\\node_modules\\appium\\node_modules\\appium-base-driver\\lib\\basedriver\\commands\\session.js:37:14)\n    at AndroidUiautomator2Driver.createSession (C:\\Program Files\\Appium\\resources\\app\\node_modules\\appium\\node_modules\\appium-uiautomator2-driver\\lib\\driver.js:150:43)\n    at AppiumDriver.createSession (C:\\Program Files\\Appium\\resources\\app\\node_modules\\appium\\lib\\appium.js:362:43)\n    at process._tickCallback (internal/process/next_tick.js:68:7)",
      "statusTrace" : "org.openqa.selenium.InvalidArgumentException: 'chromedriverArgs' must be of type object\nBuild info: version: '4.0.0-alpha-1', revision: 'd1d3728cae', time: '2019-04-24T13:42:21'\nSystem info: host: 'DESKTOP-K4LOO3N', ip: '192.168.81.1', os.name: 'Windows 10', os.arch: 'amd64', os.version: '10.0', java.version: '1.8.0_211'\nDriver info: driver.version: RemoteWebDriver\nremote stacktrace: InvalidArgumentError: 'chromedriverArgs' must be of type object\n    at validateCaps (C:\\Program Files\\Appium\\resources\\app\\node_modules\\appium\\node_modules\\appium-base-driver\\lib\\basedriver\\capabilities.js:52:11)\n    at validateCaps (C:\\Program Files\\Appium\\resources\\app\\node_modules\\appium\\node_modules\\appium-base-driver\\lib\\basedriver\\capabilities.js:154:20)\n    at parseCaps (C:\\Program Files\\Appium\\resources\\app\\node_modules\\appium\\node_modules\\appium-base-driver\\lib\\basedriver\\capabilities.js:199:43)\n    at AndroidUiautomator2Driver.createSession (C:\\Program Files\\Appium\\resources\\app\\node_modules\\appium\\node_modules\\appium-base-driver\\lib\\basedriver\\commands\\session.js:37:14)\n    at AndroidUiautomator2Driver.createSession (C:\\Program Files\\Appium\\resources\\app\\node_modules\\appium\\node_modules\\appium-uiautomator2-driver\\lib\\driver.js:150:43)\n    at AppiumDriver.createSession (C:\\Program Files\\Appium\\resources\\app\\node_modules\\appium\\lib\\appium.js:362:43)\n    at process._tickCallback (internal/process/next_tick.js:68:7)\r\n\tat sun.reflect.NativeConstructorAccessorImpl.newInstance0(Native Method)\r\n\tat sun.reflect.NativeConstructorAccessorImpl.newInstance(NativeConstructorAccessorImpl.java:62)\r\n\tat sun.reflect.DelegatingConstructorAccessorImpl.newInstance(DelegatingConstructorAccessorImpl.java:45)\r\n\tat java.lang.reflect.Constructor.newInstance(Constructor.java:423)\r\n\tat org.openqa.selenium.remote.W3CHandshakeResponse.lambda$errorHandler$0(W3CHandshakeResponse.java:62)\r\n\tat org.openqa.selenium.remote.HandshakeResponse.lambda$getResponseFunction$0(HandshakeResponse.java:30)\r\n\tat org.openqa.selenium.remote.ProtocolHandshake.lambda$createSession$0(ProtocolHandshake.java:126)\r\n\tat java.util.stream.ReferencePipeline$3$1.accept(ReferencePipeline.java:193)\r\n\tat java.util.Spliterators$ArraySpliterator.tryAdvance(Spliterators.java:958)\r\n\tat java.util.stream.ReferencePipeline.forEachWithCancel(ReferencePipeline.java:126)\r\n\tat java.util.stream.AbstractPipeline.copyIntoWithCancel(AbstractPipeline.java:498)\r\n\tat java.util.stream.AbstractPipeline.copyInto(AbstractPipeline.java:485)\r\n\tat java.util.stream.AbstractPipeline.wrapAndCopyInto(AbstractPipeline.java:471)\r\n\tat java.util.stream.FindOps$FindOp.evaluateSequential(FindOps.java:152)\r\n\tat java.util.stream.AbstractPipeline.evaluate(AbstractPipeline.java:234)\r\n\tat java.util.stream.ReferencePipeline.findFirst(ReferencePipeline.java:464)\r\n\tat org.openqa.selenium.remote.ProtocolHandshake.createSession(ProtocolHandshake.java:128)\r\n\tat org.openqa.selenium.remote.ProtocolHandshake.createSession(ProtocolHandshake.java:74)\r\n\tat org.openqa.selenium.remote.HttpCommandExecutor.execute(HttpCommandExecutor.java:139)\r\n\tat org.openqa.selenium.remote.RemoteWebDriver.execute(RemoteWebDriver.java:577)\r\n\tat org.openqa.selenium.remote.RemoteWebDriver.startSession(RemoteWebDriver.java:211)\r\n\tat org.openqa.selenium.remote.RemoteWebDriver.<init>(RemoteWebDriver.java:131)\r\n\tat org.openqa.selenium.remote.RemoteWebDriver.<init>(RemoteWebDriver.java:144)\r\n\tat com.aut.demo.util.DriverFactory.setUpTigoBrowser(DriverFactory.java:105)\r\n\tat com.aut.demo.tigoBrowser.steps.HomeSteps.start(HomeSteps.java:19)\r\n\tat com.aut.demo.tigoBrowser.specs.CU_001_Login_Page.inPage(CU_001_Login_Page.java:16)\r\n\tat sun.reflect.NativeMethodAccessorImpl.invoke0(Native Method)\r\n\tat sun.reflect.NativeMethodAccessorImpl.invoke(NativeMethodAccessorImpl.java:62)\r\n\tat sun.reflect.DelegatingMethodAccessorImpl.invoke(DelegatingMethodAccessorImpl.java:43)\r\n\tat java.lang.reflect.Method.invoke(Method.java:498)\r\n\tat org.junit.platform.commons.util.ReflectionUtils.invokeMethod(ReflectionUtils.java:515)\r\n\tat org.junit.jupiter.engine.execution.ExecutableInvoker.invoke(ExecutableInvoker.java:115)\r\n\tat org.junit.jupiter.engine.descriptor.TestMethodTestDescriptor.lambda$invokeTestMethod$6(TestMethodTestDescriptor.java:171)\r\n\tat org.junit.platform.engine.support.hierarchical.ThrowableCollector.execute(ThrowableCollector.java:72)\r\n\tat org.junit.jupiter.engine.descriptor.TestMethodTestDescriptor.invokeTestMethod(TestMethodTestDescriptor.java:167)\r\n\tat org.junit.jupiter.engine.descriptor.TestMethodTestDescriptor.execute(TestMethodTestDescriptor.java:114)\r\n\tat org.junit.jupiter.engine.descriptor.TestMethodTestDescriptor.execute(TestMethodTestDescriptor.java:59)\r\n\tat org.junit.platform.engine.support.hierarchical.NodeTestTask.lambda$executeRecursively$5(NodeTestTask.java:105)\r\n\tat org.junit.platform.engine.support.hierarchical.ThrowableCollector.execute(ThrowableCollector.java:72)\r\n\tat org.junit.platform.engine.support.hierarchical.NodeTestTask.executeRecursively(NodeTestTask.java:95)\r\n\tat org.junit.platform.engine.support.hierarchical.NodeTestTask.execute(NodeTestTask.java:71)\r\n\tat java.util.ArrayList.forEach(ArrayList.java:1257)\r\n\tat org.junit.platform.engine.support.hierarchical.SameThreadHierarchicalTestExecutorService.invokeAll(SameThreadHierarchicalTestExecutorService.java:38)\r\n\tat org.junit.platform.engine.support.hierarchical.NodeTestTask.lambda$executeRecursively$5(NodeTestTask.java:110)\r\n\tat org.junit.platform.engine.support.hierarchical.ThrowableCollector.execute(ThrowableCollector.java:72)\r\n\tat org.junit.platform.engine.support.hierarchical.NodeTestTask.executeRecursively(NodeTestTask.java:95)\r\n\tat org.junit.platform.engine.support.hierarchical.NodeTestTask.execute(NodeTestTask.java:71)\r\n\tat java.util.ArrayList.forEach(ArrayList.java:1257)\r\n\tat org.junit.platform.engine.support.hierarchical.SameThreadHierarchicalTestExecutorService.invokeAll(SameThreadHierarchicalTestExecutorService.java:38)\r\n\tat org.junit.platform.engine.support.hierarchical.NodeTestTask.lambda$executeRecursively$5(NodeTestTask.java:110)\r\n\tat org.junit.platform.engine.support.hierarchical.ThrowableCollector.execute(ThrowableCollector.java:72)\r\n\tat org.junit.platform.engine.support.hierarchical.NodeTestTask.executeRecursively(NodeTestTask.java:95)\r\n\tat org.junit.platform.engine.support.hierarchical.NodeTestTask.execute(NodeTestTask.java:71)\r\n\tat org.junit.platform.engine.support.hierarchical.SameThreadHierarchicalTestExecutorService.submit(SameThreadHierarchicalTestExecutorService.java:32)\r\n\tat org.junit.platform.engine.support.hierarchical.HierarchicalTestExecutor.execute(HierarchicalTestExecutor.java:57)\r\n\tat org.junit.platform.engine.support.hierarchical.HierarchicalTestEngine.execute(HierarchicalTestEngine.java:51)\r\n\tat org.junit.platform.launcher.core.DefaultLauncher.execute(DefaultLauncher.java:229)\r\n\tat org.junit.platform.launcher.core.DefaultLauncher.lambda$execute$6(DefaultLauncher.java:197)\r\n\tat org.junit.platform.launcher.core.DefaultLauncher.withInterceptedStreams(DefaultLauncher.java:211)\r\n\tat org.junit.platform.launcher.core.DefaultLauncher.execute(DefaultLauncher.java:191)\r\n\tat org.junit.platform.launcher.core.DefaultLauncher.execute(DefaultLauncher.java:128)\r\n\tat org.apache.maven.surefire.junitplatform.JUnitPlatformProvider.invokeAllTests(JUnitPlatformProvider.java:142)\r\n\tat org.apache.maven.surefire.junitplatform.JUnitPlatformProvider.invoke(JUnitPlatformProvider.java:117)\r\n\tat org.apache.maven.surefire.booter.ForkedBooter.invokeProviderInSameClassLoader(ForkedBooter.java:384)\r\n\tat org.apache.maven.surefire.booter.ForkedBooter.runSuitesInProcess(ForkedBooter.java:345)\r\n\tat org.apache.maven.surefire.booter.ForkedBooter.execute(ForkedBooter.java:126)\r\n\tat org.apache.maven.surefire.booter.ForkedBooter.main(ForkedBooter.java:418)\r\n",
      "steps" : [ ],
      "attachments" : [ ],
      "parameters" : [ ],
      "attachmentsCount" : 0,
      "shouldDisplayMessage" : true,
      "stepsCount" : 0,
      "hasContent" : true
    } ],
    "attachments" : [ ],
    "parameters" : [ ],
    "attachmentsCount" : 0,
    "shouldDisplayMessage" : false,
    "stepsCount" : 1,
    "hasContent" : true
  },
  "afterStages" : [ ],
  "labels" : [ {
    "name" : "story",
    "value" : "Just enter the app"
  }, {
    "name" : "host",
    "value" : "DESKTOP-K4LOO3N"
  }, {
    "name" : "thread",
    "value" : "5188@DESKTOP-K4LOO3N.main(1)"
  }, {
    "name" : "framework",
    "value" : "junit-platform"
  }, {
    "name" : "language",
    "value" : "java"
  }, {
    "name" : "package",
    "value" : "com.aut.demo.tigoBrowser.specs.CU_001_Login_Page"
  }, {
    "name" : "testClass",
    "value" : "com.aut.demo.tigoBrowser.specs.CU_001_Login_Page"
  }, {
    "name" : "testMethod",
    "value" : "inPage"
  }, {
    "name" : "suite",
    "value" : "com.aut.demo.tigoBrowser.specs.CU_001_Login_Page"
  }, {
    "name" : "resultFormat",
    "value" : "allure2"
  } ],
  "parameters" : [ ],
  "links" : [ ],
  "hidden" : true,
  "retry" : true,
  "extra" : {
    "categories" : [ ],
    "tags" : [ ]
  },
  "source" : "1bab26987244f29c.json",
  "parameterValues" : [ ]
}